<?xml version="1.0" encoding="UTF-8"?>
<!-- Generated by org.testng.reporters.JUnitReportReporter -->
<testsuite skipped="0" hostname="DESKTOP-F2AI0QF" name="com.testcases.LoginTestCase" tests="1" failures="0" timestamp="2021-09-30T12:50:54 IST" time="5.801" errors="0">
  <testcase name="login" time="5.801" classname="com.testcases.LoginTestCase"/>
  <system-out/>
</testsuite> <!-- com.testcases.LoginTestCase -->
